0 info it worked if it ends with ok
1 verbose cli [ '/usr/local/bin/node',
1 verbose cli   '/usr/local/bin/npm',
1 verbose cli   'link',
1 verbose cli   'dummy-json' ]
2 info using npm@1.4.21
3 info using node@v0.10.30
4 verbose install where,what [ '/usr/local/lib', [ 'dummy-json' ] ]
5 warn package.json yt-angular@0.0.9 No repository field.
6 verbose cache add [ 'dummy-json', null ]
7 verbose cache add name=undefined spec="dummy-json" args=["dummy-json",null]
8 verbose parsed url { protocol: null,
8 verbose parsed url   slashes: null,
8 verbose parsed url   auth: null,
8 verbose parsed url   host: null,
8 verbose parsed url   port: null,
8 verbose parsed url   hostname: null,
8 verbose parsed url   hash: null,
8 verbose parsed url   search: null,
8 verbose parsed url   query: null,
8 verbose parsed url   pathname: 'dummy-json',
8 verbose parsed url   path: 'dummy-json',
8 verbose parsed url   href: 'dummy-json' }
9 silly lockFile 7469d83d-dummy-json dummy-json
10 verbose lock dummy-json /Users/YellowGlue/.npm/7469d83d-dummy-json.lock
11 silly lockFile 7469d83d-dummy-json dummy-json
12 silly lockFile 7469d83d-dummy-json dummy-json
13 verbose addNamed [ 'dummy-json', '' ]
14 verbose addNamed [ null, '*' ]
15 silly lockFile 2c230127-dummy-json dummy-json@
16 verbose lock dummy-json@ /Users/YellowGlue/.npm/2c230127-dummy-json.lock
17 silly addNameRange { name: 'dummy-json', range: '*', hasData: false }
18 verbose request where is /dummy-json
19 verbose request registry https://registry.npmjs.org/
20 verbose request id de7f8f37f51e3144
21 verbose url raw /dummy-json
22 verbose url resolving [ 'https://registry.npmjs.org/', './dummy-json' ]
23 verbose url resolved https://registry.npmjs.org/dummy-json
24 verbose request where is https://registry.npmjs.org/dummy-json
25 info trying registry request attempt 1 at 16:07:51
26 verbose etag "7AG11T5252Y7TOUUNA79VXFIQ"
27 http GET https://registry.npmjs.org/dummy-json
28 http 200 https://registry.npmjs.org/dummy-json
29 silly registry.get cb [ 200,
29 silly registry.get   { date: 'Wed, 07 Jan 2015 08:07:52 GMT',
29 silly registry.get     server: 'CouchDB/1.5.0 (Erlang OTP/R14B04)',
29 silly registry.get     etag: '"E6I4FO3P1FNKM30ERSFR4U59T"',
29 silly registry.get     'content-type': 'application/json',
29 silly registry.get     'cache-control': 'max-age=60',
29 silly registry.get     'content-length': '10008',
29 silly registry.get     'accept-ranges': 'bytes',
29 silly registry.get     via: '1.1 varnish',
29 silly registry.get     age: '0',
29 silly registry.get     'x-served-by': 'cache-sn86-SIN',
29 silly registry.get     'x-cache': 'MISS',
29 silly registry.get     'x-cache-hits': '0',
29 silly registry.get     'x-timer': 'S1420618071.908982,VS0,VE257',
29 silly registry.get     vary: 'Accept',
29 silly registry.get     'keep-alive': 'timeout=10, max=50',
29 silly registry.get     connection: 'Keep-Alive' } ]
30 silly addNameRange number 2 { name: 'dummy-json', range: '*', hasData: true }
31 silly addNameRange versions [ 'dummy-json', [ '0.0.1', '0.0.2' ] ]
32 verbose addNamed [ 'dummy-json', '0.0.2' ]
33 verbose addNamed [ '0.0.2', '0.0.2' ]
34 silly lockFile 9e832f5a-dummy-json-0-0-2 dummy-json@0.0.2
35 verbose lock dummy-json@0.0.2 /Users/YellowGlue/.npm/9e832f5a-dummy-json-0-0-2.lock
36 silly lockFile 9e832f5a-dummy-json-0-0-2 dummy-json@0.0.2
37 silly lockFile 9e832f5a-dummy-json-0-0-2 dummy-json@0.0.2
38 silly lockFile 2c230127-dummy-json dummy-json@
39 silly lockFile 2c230127-dummy-json dummy-json@
40 silly resolved [ { name: 'dummy-json',
40 silly resolved     description: 'Dummy JSON generator for Node.js',
40 silly resolved     version: '0.0.2',
40 silly resolved     homepage: 'https://github.com/webroo/dummy-json',
40 silly resolved     author: { name: 'Matt Sweetman' },
40 silly resolved     license: 'MIT',
40 silly resolved     repository: { type: 'git', url: 'git://github.com/webroo/dummy-json.git' },
40 silly resolved     main: './dummy-json.js',
40 silly resolved     dependencies: { handlebars: '~1.0.12' },
40 silly resolved     scripts: { start: 'node server.js' },
40 silly resolved     readme: '# Dummy JSON\n\nDummy JSON is a Node utility that allows you to generate random JSON data using Handlebars templates. It returns a JSON compatible string you can use in your app. It\'s useful for creating mock API services that return dummy data.\n\n## Example\n\nFor a complete list of helpers see the [available helpers](#available-helpers) section.\n\n<table><tr><td valign="top" width="50%">\nTemplate\n<pre>\n{\n  "people": [\n    {{#repeat 2}}\n    {\n      "id": {{index}},\n      "firstName": "{{firstName}}",\n      "lastName": "{{lastName}}",\n      "email": "{{email}}",\n      "work": "{{company}}",\n      "age": {{number 20 50}},\n      "optedin": {{boolean}}\n    }\n    {{/repeat}}\n  ],\n  "images": [\n    {{#repeat 3 6}}\n    \'img{{index}}.png\'\n    {{/repeat}}\n  ],\n  "revision": {{uniqueIndex}},\n  "tolerance": {{number \'0\' \'2\'}},\n}\n</pre>\n</td><td>\nOutput\n<pre>\n{\n  "people": [\n    {\n      "id": 0,\n      "firstName": "Leanne",\n      "lastName": "Flinn",\n      "email": "leanne.flinn@unilogic.com",\n      "work": "Unilogic",\n      "age": 26,\n      "optedin": true\n    },\n    {\n      "id": 1,\n      "firstName": "Edward",\n      "lastName": "Young",\n      "email": "edward.young@solexis.com",\n      "work": "Solexis",\n      "age": 31,\n      "optedin": false\n    }\n  ],\n  "images": [\n    \'img0.png\',\n    \'img1.png\',\n    \'img2.png\',\n    \'img3.png\'\n  ],\n  "revision": 0,\n  "tolerance": 1.7508240924216807,\n}\n</pre>\n</td></tr></table>\n\n## Getting started\n\nInstall via npm:\n\n    npm install dummy-json\n\n#### Generate JSON\n\n```js\nvar dummyjson = require(\'dummy-json\');\nvar template = \'{ "name": {{firstName}}, "age": {{number 18 65}} }\';\nvar result = dummyjson.parse(template);\n```\n\n#### Generate from a file\n\nInstead of writing multi-line strings you can load the template from a file using Node\'s **fs** utility:\n\n```js\nvar fs = require(\'fs\');\nvar dummyjson = require(\'./dummy-json\');\n\nvar template = fs.readFileSync(\'template.hbs\', {encoding: \'utf8\'});\nvar result = dummyjson.parse(template);\n```\n\n#### Converting to JavaScript object\n\nIf there are no errors in the output then the returned string can be parsed into a JavaScript object:\n\n```js\nvar result = dummyjson.parse(template);\nvar obj = JSON.parse(result);\n```\n\n#### Using with a HTTP response\n\nA common use of Dummy JSON is to create a mock API service that return random data you can test with. Here\'s a quick example using Express:\n\n```js\nvar fs = require(\'fs\');\nvar express = require(\'express\');\nvar dummyjson = require(\'./dummy-json\');\n\nvar template = fs.readFileSync(\'template.hbs\', {encoding: \'utf8\'});\nvar app = express();\n\napp.get(\'/people\', function(req, res) {\n  res.set(\'Content-Type\', \'application/json\');\n  res.send(dummyjson.parse(template));\n});\n\napp.listen(3000);\n```\n\n## Available helpers\n\n#### `{{#repeat [count/array] [maxCount]}} ... {{/repeat}}`\n\nRepeats blocks of content. Similar to Handlebars\' built-in `each`, but adds commas between items and tidies up whitespace.\n\n```js\n{{#repeat 4}} // Repeats the block exactly 4 times\n"hello"\n{{/repeat}}\n\n{{#repeat 5 10}} // Repeats the block a random number of times between 5 and 10\n"hello"\n{{/repeat}}\n\n{{#repeat animals}} // Loops over array provided in the data options of parse()\n"{{this}}"\n{{/repeat}}\n```\n\nYou can print the current index of the loop using `{{index}}`. This is a helper that\'s only available within `repeat` blocks, (outside of a `repeat` block it will print `undefined`).\n\n```js\n{{#repeat 4}}\n"hello {{index}}" // "hello 1", "hello 2", etc.\n{{/repeat}}\n```\n\n#### `{{number [min/max] [max] [pad=true]}}`\n\nGenerates a random number. If just one number is provided it will generate a number between 0 and the given number. The min and max values are inclusive in the generated number. Floats can be generated by wrapping the numbers in quote marks. The `pad` option pads the generated number with leading zeros (integers only).\n\n```js\n{{number 20}} // Generates a random integer between 0 and 20\n{{number 50 100}} // Generates a random integer between 50 and 100\n{{number 50 100 pad=true}} // Pad integer with leading zeros, eg: 076\n{{number \'5.5\' \'8.5\'}} // Generates a random float between 5.5 and 8.5\n```\n\n#### `{{boolean}}`\n\nGenerates a random `true` or `false` boolean value.\n\n#### `{{firstName}}`\n\nGenerates a random first name, from a predefined list.\n\n#### `{{lastName}}`\n\nGenerates a random last name, from a predefined list.\n\n#### `{{company}}`\n\nGenerates a random company name, from a predefined list.\n\n#### `{{email}}`\n\nGenerates a random email address, using the most recently printed name and company. This means it keeps in sync when used in conjunction with names and companies.\n\n#### `{{uniqueIndex}}`\n\nGenerates a unique index that always increments by 1 each time it\'s used, regardless of whether it\'s inside or outside a repeat loop.\n\n## Advanced usage\n\nThe `parse` method accepts a second argument that allows you to configure the parsing routine. It\'s a plain object that can contain one or more of the following options:\n\n### Using your own Handlebars helpers\n\n```js\nvar helpers = {\n  orientation: function(options) {\n    return Math.random() > 0.5 ? \'left\' : \'right\';\n  }\n};\nvar template = \'{ "position": {{orientation}} }\';\nvar result = dummyjson.parse(template, {helpers: helpers});\n```\n\nCustom helpers can override built-in ones, which allows you to modify how the Available helpers work. For more information on writing helpers see the [Handlebars documentation](http://handlebarsjs.com/block_helpers.html).\n\n### Using your own data\n\n```js\nvar data = {\n  animals: [\'cat\', \'dog\', \'cow\', \'wolf\', \'giraffe\']\n};\nvar template = \'{ "pets": [ {{#repeat animals}}{{this}}{{/repeat}} ] }\';\nvar result = dummyjson.parse(template, {data: data});\n```\n\nUseful for splicing bits of real data into the generated reponse. All the regular Handlebars functionality is available to work with the data.\n\n### Using your own list of names and companies\n\n```js\nvar firstNames = [\'Frasier\', \'Olivia\', \'Marge\', \'Holbeck\'];\nvar lastNames = [\'Crane\', \'Dunham\', \'Gunderson\', \'Ghyll\'];\nvar companies = [\'KACL\', \'Fringe\', \'MPD\'];\nvar template = \'{ "name": {{firstName}}, "company": {{company}} }\';\nvar result = dummyjson.parse(template, {\n  firstNames: firstNames,\n  lastNames: lastNames,\n  companies: companies\n});\n```\n\nUsing your own names and companies will completely override the built-in collections. You can specify just one array, or all of them, as has been done above. **Note:** Names and companies loop when used repeatedly - to keep them in sync the length of the *smallest* array will be used as the loop point. In the example above the `companies` array is smallest and so the final first and last names won\'t ever appear.',
40 silly resolved     readmeFilename: 'README.md',
40 silly resolved     _id: 'dummy-json@0.0.2',
40 silly resolved     dist:
40 silly resolved      { shasum: '09b7ebf3c4c0acb1c89d94f26d8814a1eced9787',
40 silly resolved        tarball: 'http://registry.npmjs.org/dummy-json/-/dummy-json-0.0.2.tgz' },
40 silly resolved     _from: 'dummy-json@',
40 silly resolved     _npmVersion: '1.2.17',
40 silly resolved     _npmUser: { name: 'webroo', email: 'npm@webroo.org' },
40 silly resolved     maintainers: [ [Object] ],
40 silly resolved     directories: {},
40 silly resolved     _shasum: '09b7ebf3c4c0acb1c89d94f26d8814a1eced9787',
40 silly resolved     _resolved: 'https://registry.npmjs.org/dummy-json/-/dummy-json-0.0.2.tgz',
40 silly resolved     bugs: { url: 'https://github.com/webroo/dummy-json/issues' } } ]
41 info install dummy-json@0.0.2 into /usr/local/lib
42 info installOne dummy-json@0.0.2
43 verbose on unbuild
44 verbose tar unpack /Users/YellowGlue/.npm/dummy-json/0.0.2/package.tgz
45 silly lockFile e9e05f1b-ocal-lib-node-modules-dummy-json tar:///usr/local/lib/node_modules/dummy-json
46 verbose lock tar:///usr/local/lib/node_modules/dummy-json /Users/YellowGlue/.npm/e9e05f1b-ocal-lib-node-modules-dummy-json.lock
47 silly lockFile 6eaa9b19-npm-dummy-json-0-0-2-package-tgz tar:///Users/YellowGlue/.npm/dummy-json/0.0.2/package.tgz
48 verbose lock tar:///Users/YellowGlue/.npm/dummy-json/0.0.2/package.tgz /Users/YellowGlue/.npm/6eaa9b19-npm-dummy-json-0-0-2-package-tgz.lock
49 silly gunzTarPerm modes [ '755', '644' ]
50 silly gunzTarPerm extractEntry package.json
51 silly gunzTarPerm extractEntry .npmignore
52 silly gunzTarPerm extractEntry README.md
53 silly gunzTarPerm extractEntry LICENSE
54 silly gunzTarPerm extractEntry dummy-json.js
55 silly gunzTarPerm extractEntry json generator.js
56 silly gunzTarPerm extractEntry server.js
57 silly gunzTarPerm extractEntry test.js
58 silly gunzTarPerm extractEntry test/tests.js
59 silly gunzTarPerm extractEntry test.json
60 silly gunzTarPerm extractEntry test2.json
61 silly lockFile e9e05f1b-ocal-lib-node-modules-dummy-json tar:///usr/local/lib/node_modules/dummy-json
62 silly lockFile e9e05f1b-ocal-lib-node-modules-dummy-json tar:///usr/local/lib/node_modules/dummy-json
63 silly lockFile 6eaa9b19-npm-dummy-json-0-0-2-package-tgz tar:///Users/YellowGlue/.npm/dummy-json/0.0.2/package.tgz
64 silly lockFile 6eaa9b19-npm-dummy-json-0-0-2-package-tgz tar:///Users/YellowGlue/.npm/dummy-json/0.0.2/package.tgz
65 info preinstall dummy-json@0.0.2
66 verbose readDependencies using package.json deps
67 verbose readDependencies using package.json deps
68 verbose cache add [ 'handlebars@~1.0.12', null ]
69 verbose cache add name=undefined spec="handlebars@~1.0.12" args=["handlebars@~1.0.12",null]
70 verbose parsed url { protocol: null,
70 verbose parsed url   slashes: null,
70 verbose parsed url   auth: null,
70 verbose parsed url   host: null,
70 verbose parsed url   port: null,
70 verbose parsed url   hostname: null,
70 verbose parsed url   hash: null,
70 verbose parsed url   search: null,
70 verbose parsed url   query: null,
70 verbose parsed url   pathname: 'handlebars@~1.0.12',
70 verbose parsed url   path: 'handlebars@~1.0.12',
70 verbose parsed url   href: 'handlebars@~1.0.12' }
71 verbose cache add name="handlebars" spec="~1.0.12" args=["handlebars","~1.0.12"]
72 verbose parsed url { protocol: null,
72 verbose parsed url   slashes: null,
72 verbose parsed url   auth: null,
72 verbose parsed url   host: null,
72 verbose parsed url   port: null,
72 verbose parsed url   hostname: null,
72 verbose parsed url   hash: null,
72 verbose parsed url   search: null,
72 verbose parsed url   query: null,
72 verbose parsed url   pathname: '~1.0.12',
72 verbose parsed url   path: '~1.0.12',
72 verbose parsed url   href: '~1.0.12' }
73 verbose addNamed [ 'handlebars', '~1.0.12' ]
74 verbose addNamed [ null, '>=1.0.12-0 <1.1.0-0' ]
75 silly lockFile de76c6ce-handlebars-1-0-12 handlebars@~1.0.12
76 verbose lock handlebars@~1.0.12 /Users/YellowGlue/.npm/de76c6ce-handlebars-1-0-12.lock
77 silly addNameRange { name: 'handlebars',
77 silly addNameRange   range: '>=1.0.12-0 <1.1.0-0',
77 silly addNameRange   hasData: false }
78 verbose request where is /handlebars
79 verbose request registry https://registry.npmjs.org/
80 verbose url raw /handlebars
81 verbose url resolving [ 'https://registry.npmjs.org/', './handlebars' ]
82 verbose url resolved https://registry.npmjs.org/handlebars
83 verbose request where is https://registry.npmjs.org/handlebars
84 info trying registry request attempt 1 at 16:07:52
85 verbose etag "4NPC1WTSS98DHC6RRNJEYVO1Y"
86 http GET https://registry.npmjs.org/handlebars
87 http 200 https://registry.npmjs.org/handlebars
88 silly registry.get cb [ 200,
88 silly registry.get   { date: 'Wed, 07 Jan 2015 08:07:52 GMT',
88 silly registry.get     server: 'CouchDB/1.5.0 (Erlang OTP/R16B03)',
88 silly registry.get     etag: '"GLCQAWJLRR4YCMNCY7XMXHR7"',
88 silly registry.get     'content-type': 'application/json',
88 silly registry.get     'cache-control': 'max-age=60',
88 silly registry.get     'content-length': '50389',
88 silly registry.get     'accept-ranges': 'bytes',
88 silly registry.get     via: '1.1 varnish',
88 silly registry.get     age: '0',
88 silly registry.get     'x-served-by': 'cache-sn86-SIN',
88 silly registry.get     'x-cache': 'HIT',
88 silly registry.get     'x-cache-hits': '1',
88 silly registry.get     'x-timer': 'S1420618072.676544,VS0,VE242',
88 silly registry.get     vary: 'Accept',
88 silly registry.get     'keep-alive': 'timeout=10, max=50',
88 silly registry.get     connection: 'Keep-Alive' } ]
89 silly addNameRange number 2 { name: 'handlebars',
89 silly addNameRange   range: '>=1.0.12-0 <1.1.0-0',
89 silly addNameRange   hasData: true }
90 silly addNameRange versions [ 'handlebars',
90 silly addNameRange   [ '1.0.6',
90 silly addNameRange     '1.0.6-2',
90 silly addNameRange     '1.0.7',
90 silly addNameRange     '1.0.8',
90 silly addNameRange     '1.0.9',
90 silly addNameRange     '1.0.10',
90 silly addNameRange     '1.0.11',
90 silly addNameRange     '1.0.12',
90 silly addNameRange     '1.1.0',
90 silly addNameRange     '1.1.1',
90 silly addNameRange     '1.1.2',
90 silly addNameRange     '1.2.0',
90 silly addNameRange     '1.2.1',
90 silly addNameRange     '1.3.0',
90 silly addNameRange     '2.0.0-alpha.1',
90 silly addNameRange     '2.0.0-alpha.2',
90 silly addNameRange     '2.0.0-alpha.3',
90 silly addNameRange     '2.0.0-alpha.4',
90 silly addNameRange     '2.0.0-beta.1',
90 silly addNameRange     '2.0.0',
90 silly addNameRange     '1.0.2-beta',
90 silly addNameRange     '1.0.4-beta',
90 silly addNameRange     '1.0.5-beta' ] ]
91 verbose addNamed [ 'handlebars', '1.0.12' ]
92 verbose addNamed [ '1.0.12', '1.0.12' ]
93 silly lockFile 75f4e88f-handlebars-1-0-12 handlebars@1.0.12
94 verbose lock handlebars@1.0.12 /Users/YellowGlue/.npm/75f4e88f-handlebars-1-0-12.lock
95 silly lockFile 75f4e88f-handlebars-1-0-12 handlebars@1.0.12
96 silly lockFile 75f4e88f-handlebars-1-0-12 handlebars@1.0.12
97 silly lockFile de76c6ce-handlebars-1-0-12 handlebars@~1.0.12
98 silly lockFile de76c6ce-handlebars-1-0-12 handlebars@~1.0.12
99 silly resolved [ { name: 'handlebars',
99 silly resolved     description: 'Extension of the Mustache logicless template language',
99 silly resolved     version: '1.0.12',
99 silly resolved     homepage: 'http://www.handlebarsjs.com/',
99 silly resolved     keywords: [ 'handlebars mustache template html' ],
99 silly resolved     repository:
99 silly resolved      { type: 'git',
99 silly resolved        url: 'git://github.com/wycats/handlebars.js.git' },
99 silly resolved     engines: { node: '>=0.4.7' },
99 silly resolved     dependencies: { optimist: '~0.3', 'uglify-js': '~2.3' },
99 silly resolved     devDependencies:
99 silly resolved      { benchmark: '~1.0',
99 silly resolved        dust: '~0.3',
99 silly resolved        jison: '~0.3',
99 silly resolved        mocha: '*',
99 silly resolved        mustache: '~0.7.2' },
99 silly resolved     main: 'lib/handlebars.js',
99 silly resolved     bin: { handlebars: 'bin/handlebars' },
99 silly resolved     scripts: { test: 'mocha -u qunit spec/qunit_spec.js' },
99 silly resolved     optionalDependencies: {},
99 silly resolved     _id: 'handlebars@1.0.12',
99 silly resolved     dist:
99 silly resolved      { shasum: '18c6d3440c35e91b19b3ff582b9151ab4985d4fc',
99 silly resolved        tarball: 'http://registry.npmjs.org/handlebars/-/handlebars-1.0.12.tgz' },
99 silly resolved     _from: 'handlebars@~1.0.12',
99 silly resolved     _npmVersion: '1.2.2',
99 silly resolved     _npmUser: { name: 'kpdecker', email: 'kpdecker@gmail.com' },
99 silly resolved     maintainers: [ [Object] ],
99 silly resolved     directories: {},
99 silly resolved     _shasum: '18c6d3440c35e91b19b3ff582b9151ab4985d4fc',
99 silly resolved     _resolved: 'https://registry.npmjs.org/handlebars/-/handlebars-1.0.12.tgz',
99 silly resolved     bugs: { url: 'https://github.com/wycats/handlebars.js/issues' },
99 silly resolved     readme: 'ERROR: No README data found!' } ]
100 info install handlebars@1.0.12 into /usr/local/lib/node_modules/dummy-json
101 info installOne handlebars@1.0.12
102 verbose on/node_modules/handlebars unbuild
103 verbose tar unpack /Users/YellowGlue/.npm/handlebars/1.0.12/package.tgz
104 silly lockFile ab08e24e-mmy-json-node-modules-handlebars tar:///usr/local/lib/node_modules/dummy-json/node_modules/handlebars
105 verbose lock tar:///usr/local/lib/node_modules/dummy-json/node_modules/handlebars /Users/YellowGlue/.npm/ab08e24e-mmy-json-node-modules-handlebars.lock
106 silly lockFile 342fcf2d-pm-handlebars-1-0-12-package-tgz tar:///Users/YellowGlue/.npm/handlebars/1.0.12/package.tgz
107 verbose lock tar:///Users/YellowGlue/.npm/handlebars/1.0.12/package.tgz /Users/YellowGlue/.npm/342fcf2d-pm-handlebars-1-0-12-package-tgz.lock
108 silly gunzTarPerm modes [ '755', '644' ]
109 silly gunzTarPerm extractEntry package.json
110 silly gunzTarPerm extractEntry .npmignore
111 silly gunzTarPerm extractEntry LICENSE
112 silly gunzTarPerm extractEntry test.js
113 silly gunzTarPerm extractEntry global-test.js
114 silly gunzTarPerm extractEntry global.js
115 silly gunzTarPerm extractEntry .jshintrc
116 silly gunzTarPerm extractEntry .rspec
117 silly gunzTarPerm extractEntry bin/handlebars
118 silly gunzTarPerm extractEntry handlebars.js.nuspec
119 silly gunzTarPerm extractEntry lib/handlebars.js
120 silly gunzTarPerm extractEntry lib/handlebars/base.js
121 silly gunzTarPerm extractEntry lib/handlebars/browser-prefix.js
122 silly gunzTarPerm extractEntry lib/handlebars/browser-suffix.js
123 silly gunzTarPerm extractEntry lib/handlebars/runtime.js
124 silly gunzTarPerm extractEntry lib/handlebars/utils.js
125 silly gunzTarPerm extractEntry lib/handlebars/compiler/ast.js
126 silly gunzTarPerm extractEntry lib/handlebars/compiler/base.js
127 silly gunzTarPerm extractEntry lib/handlebars/compiler/compiler.js
128 silly gunzTarPerm extractEntry lib/handlebars/compiler/index.js
129 silly gunzTarPerm extractEntry lib/handlebars/compiler/parser.js
130 silly gunzTarPerm extractEntry lib/handlebars/compiler/printer.js
131 silly gunzTarPerm extractEntry lib/handlebars/compiler/visitor.js
132 silly gunzTarPerm extractEntry lib/handlebars/source.rb
133 silly gunzTarPerm extractEntry bower.json
134 silly gunzTarPerm extractEntry min.sh
135 silly gunzTarPerm extractEntry dist/handlebars.js
136 silly gunzTarPerm extractEntry dist/handlebars.min.js
137 silly gunzTarPerm extractEntry dist/handlebars.runtime.js
138 silly gunzTarPerm extractEntry dist/handlebars.runtime.min.js
139 silly gunzTarPerm extractEntry README.markdown
140 silly gunzTarPerm extractEntry release-notes.md
141 silly gunzTarPerm extractEntry handlebars-source.gemspec
142 silly lockFile ab08e24e-mmy-json-node-modules-handlebars tar:///usr/local/lib/node_modules/dummy-json/node_modules/handlebars
143 silly lockFile ab08e24e-mmy-json-node-modules-handlebars tar:///usr/local/lib/node_modules/dummy-json/node_modules/handlebars
144 silly lockFile 342fcf2d-pm-handlebars-1-0-12-package-tgz tar:///Users/YellowGlue/.npm/handlebars/1.0.12/package.tgz
145 silly lockFile 342fcf2d-pm-handlebars-1-0-12-package-tgz tar:///Users/YellowGlue/.npm/handlebars/1.0.12/package.tgz
146 info preinstall handlebars@1.0.12
147 verbose readDependencies using package.json deps
148 verbose readDependencies using package.json deps
149 verbose cache add [ 'optimist@~0.3', null ]
150 verbose cache add name=undefined spec="optimist@~0.3" args=["optimist@~0.3",null]
151 verbose parsed url { protocol: null,
151 verbose parsed url   slashes: null,
151 verbose parsed url   auth: null,
151 verbose parsed url   host: null,
151 verbose parsed url   port: null,
151 verbose parsed url   hostname: null,
151 verbose parsed url   hash: null,
151 verbose parsed url   search: null,
151 verbose parsed url   query: null,
151 verbose parsed url   pathname: 'optimist@~0.3',
151 verbose parsed url   path: 'optimist@~0.3',
151 verbose parsed url   href: 'optimist@~0.3' }
152 verbose cache add [ 'uglify-js@~2.3', null ]
153 verbose cache add name=undefined spec="uglify-js@~2.3" args=["uglify-js@~2.3",null]
154 verbose parsed url { protocol: null,
154 verbose parsed url   slashes: null,
154 verbose parsed url   auth: null,
154 verbose parsed url   host: null,
154 verbose parsed url   port: null,
154 verbose parsed url   hostname: null,
154 verbose parsed url   hash: null,
154 verbose parsed url   search: null,
154 verbose parsed url   query: null,
154 verbose parsed url   pathname: 'uglify-js@~2.3',
154 verbose parsed url   path: 'uglify-js@~2.3',
154 verbose parsed url   href: 'uglify-js@~2.3' }
155 verbose cache add name="optimist" spec="~0.3" args=["optimist","~0.3"]
156 verbose parsed url { protocol: null,
156 verbose parsed url   slashes: null,
156 verbose parsed url   auth: null,
156 verbose parsed url   host: null,
156 verbose parsed url   port: null,
156 verbose parsed url   hostname: null,
156 verbose parsed url   hash: null,
156 verbose parsed url   search: null,
156 verbose parsed url   query: null,
156 verbose parsed url   pathname: '~0.3',
156 verbose parsed url   path: '~0.3',
156 verbose parsed url   href: '~0.3' }
157 verbose addNamed [ 'optimist', '~0.3' ]
158 verbose addNamed [ null, '>=0.3.0-0 <0.4.0-0' ]
159 silly lockFile c01d0ea5-optimist-0-3 optimist@~0.3
160 verbose lock optimist@~0.3 /Users/YellowGlue/.npm/c01d0ea5-optimist-0-3.lock
161 verbose cache add name="uglify-js" spec="~2.3" args=["uglify-js","~2.3"]
162 verbose parsed url { protocol: null,
162 verbose parsed url   slashes: null,
162 verbose parsed url   auth: null,
162 verbose parsed url   host: null,
162 verbose parsed url   port: null,
162 verbose parsed url   hostname: null,
162 verbose parsed url   hash: null,
162 verbose parsed url   search: null,
162 verbose parsed url   query: null,
162 verbose parsed url   pathname: '~2.3',
162 verbose parsed url   path: '~2.3',
162 verbose parsed url   href: '~2.3' }
163 verbose addNamed [ 'uglify-js', '~2.3' ]
164 verbose addNamed [ null, '>=2.3.0-0 <2.4.0-0' ]
165 silly lockFile fb0c1b8a-uglify-js-2-3 uglify-js@~2.3
166 verbose lock uglify-js@~2.3 /Users/YellowGlue/.npm/fb0c1b8a-uglify-js-2-3.lock
167 silly addNameRange { name: 'optimist', range: '>=0.3.0-0 <0.4.0-0', hasData: false }
168 silly addNameRange { name: 'uglify-js',
168 silly addNameRange   range: '>=2.3.0-0 <2.4.0-0',
168 silly addNameRange   hasData: false }
169 verbose request where is /optimist
170 verbose request registry https://registry.npmjs.org/
171 verbose url raw /optimist
172 verbose url resolving [ 'https://registry.npmjs.org/', './optimist' ]
173 verbose url resolved https://registry.npmjs.org/optimist
174 verbose request where is https://registry.npmjs.org/optimist
175 info trying registry request attempt 1 at 16:07:53
176 verbose etag "5ECIA1UXP98P5884IEFPZNPXK"
177 http GET https://registry.npmjs.org/optimist
178 verbose request where is /uglify-js
179 verbose request registry https://registry.npmjs.org/
180 verbose url raw /uglify-js
181 verbose url resolving [ 'https://registry.npmjs.org/', './uglify-js' ]
182 verbose url resolved https://registry.npmjs.org/uglify-js
183 verbose request where is https://registry.npmjs.org/uglify-js
184 info trying registry request attempt 1 at 16:07:53
185 verbose etag "1IEFPX11O8WC8WPZ4M58BQ55J"
186 http GET https://registry.npmjs.org/uglify-js
187 http 304 https://registry.npmjs.org/uglify-js
188 silly registry.get cb [ 304,
188 silly registry.get   { date: 'Wed, 07 Jan 2015 08:07:53 GMT',
188 silly registry.get     server: 'Apache',
188 silly registry.get     via: '1.1 varnish',
188 silly registry.get     'last-modified': 'Wed, 07 Jan 2015 08:07:42 GMT',
188 silly registry.get     'cache-control': 'max-age=60',
188 silly registry.get     etag: '"1IEFPX11O8WC8WPZ4M58BQ55J"',
188 silly registry.get     age: '34',
188 silly registry.get     'x-served-by': 'cache-sn87-SIN',
188 silly registry.get     'x-cache': 'HIT',
188 silly registry.get     'x-cache-hits': '2',
188 silly registry.get     'x-timer': 'S1420618073.617485,VS0,VE0',
188 silly registry.get     vary: 'Accept',
188 silly registry.get     'content-length': '0',
188 silly registry.get     'keep-alive': 'timeout=10, max=50',
188 silly registry.get     connection: 'Keep-Alive' } ]
189 verbose etag https://registry.npmjs.org/uglify-js from cache
190 silly addNameRange number 2 { name: 'uglify-js', range: '>=2.3.0-0 <2.4.0-0', hasData: true }
191 silly addNameRange versions [ 'uglify-js',
191 silly addNameRange   [ '0.0.1',
191 silly addNameRange     '0.0.2',
191 silly addNameRange     '0.0.3',
191 silly addNameRange     '0.0.4',
191 silly addNameRange     '0.0.5',
191 silly addNameRange     '1.0.1',
191 silly addNameRange     '1.0.2',
191 silly addNameRange     '1.0.3',
191 silly addNameRange     '1.0.4',
191 silly addNameRange     '1.0.5',
191 silly addNameRange     '1.0.6',
191 silly addNameRange     '1.0.7',
191 silly addNameRange     '1.1.0',
191 silly addNameRange     '1.1.1',
191 silly addNameRange     '1.2.0',
191 silly addNameRange     '1.2.1',
191 silly addNameRange     '1.2.2',
191 silly addNameRange     '1.2.3',
191 silly addNameRange     '1.2.4',
191 silly addNameRange     '1.2.5',
191 silly addNameRange     '1.2.6',
191 silly addNameRange     '1.3.0',
191 silly addNameRange     '1.3.1',
191 silly addNameRange     '1.3.2',
191 silly addNameRange     '1.3.3',
191 silly addNameRange     '1.3.4',
191 silly addNameRange     '2.2.0',
191 silly addNameRange     '2.2.1',
191 silly addNameRange     '2.2.2',
191 silly addNameRange     '2.2.3',
191 silly addNameRange     '2.2.4',
191 silly addNameRange     '2.2.5',
191 silly addNameRange     '2.3.0',
191 silly addNameRange     '2.3.1',
191 silly addNameRange     '2.3.2',
191 silly addNameRange     '2.3.3',
191 silly addNameRange     '2.3.4',
191 silly addNameRange     '2.3.5',
191 silly addNameRange     '2.3.6',
191 silly addNameRange     '1.3.5',
191 silly addNameRange     '2.4.0',
191 silly addNameRange     '2.4.1',
191 silly addNameRange     '2.4.2',
191 silly addNameRange     '2.4.3',
191 silly addNameRange     '2.4.4',
191 silly addNameRange     '2.4.5',
191 silly addNameRange     '2.4.6',
191 silly addNameRange     '2.4.7',
191 silly addNameRange     '2.4.8',
191 silly addNameRange     '2.4.9',
191 silly addNameRange     '2.4.10',
191 silly addNameRange     '2.4.11',
191 silly addNameRange     '2.4.12',
191 silly addNameRange     '2.4.13',
191 silly addNameRange     '2.4.14',
191 silly addNameRange     '2.4.15',
191 silly addNameRange     '2.4.16' ] ]
192 verbose addNamed [ 'uglify-js', '2.3.6' ]
193 verbose addNamed [ '2.3.6', '2.3.6' ]
194 silly lockFile a40be02f-uglify-js-2-3-6 uglify-js@2.3.6
195 verbose lock uglify-js@2.3.6 /Users/YellowGlue/.npm/a40be02f-uglify-js-2-3-6.lock
196 silly lockFile a40be02f-uglify-js-2-3-6 uglify-js@2.3.6
197 silly lockFile a40be02f-uglify-js-2-3-6 uglify-js@2.3.6
198 silly lockFile fb0c1b8a-uglify-js-2-3 uglify-js@~2.3
199 silly lockFile fb0c1b8a-uglify-js-2-3 uglify-js@~2.3
200 http 200 https://registry.npmjs.org/optimist
201 silly registry.get cb [ 200,
201 silly registry.get   { date: 'Wed, 07 Jan 2015 08:07:53 GMT',
201 silly registry.get     server: 'CouchDB/1.5.0 (Erlang OTP/R16B03)',
201 silly registry.get     etag: '"42W63OGHD17H9QITW866KSTGU"',
201 silly registry.get     'content-type': 'application/json',
201 silly registry.get     'cache-control': 'max-age=60',
201 silly registry.get     'content-length': '48284',
201 silly registry.get     'accept-ranges': 'bytes',
201 silly registry.get     via: '1.1 varnish',
201 silly registry.get     age: '33',
201 silly registry.get     'x-served-by': 'cache-sn86-SIN',
201 silly registry.get     'x-cache': 'HIT',
201 silly registry.get     'x-cache-hits': '3',
201 silly registry.get     'x-timer': 'S1420618073.613994,VS0,VE0',
201 silly registry.get     vary: 'Accept',
201 silly registry.get     'keep-alive': 'timeout=10, max=50',
201 silly registry.get     connection: 'Keep-Alive' } ]
202 silly addNameRange number 2 { name: 'optimist', range: '>=0.3.0-0 <0.4.0-0', hasData: true }
203 silly addNameRange versions [ 'optimist',
203 silly addNameRange   [ '0.0.1',
203 silly addNameRange     '0.0.2',
203 silly addNameRange     '0.0.4',
203 silly addNameRange     '0.0.5',
203 silly addNameRange     '0.0.6',
203 silly addNameRange     '0.0.7',
203 silly addNameRange     '0.1.0',
203 silly addNameRange     '0.1.1',
203 silly addNameRange     '0.1.2',
203 silly addNameRange     '0.1.3',
203 silly addNameRange     '0.1.4',
203 silly addNameRange     '0.1.5',
203 silly addNameRange     '0.1.6',
203 silly addNameRange     '0.1.7',
203 silly addNameRange     '0.1.8',
203 silly addNameRange     '0.1.9',
203 silly addNameRange     '0.0.3',
203 silly addNameRange     '0.2.0',
203 silly addNameRange     '0.2.1',
203 silly addNameRange     '0.2.2',
203 silly addNameRange     '0.2.3',
203 silly addNameRange     '0.2.4',
203 silly addNameRange     '0.2.5',
203 silly addNameRange     '0.2.6',
203 silly addNameRange     '0.2.7',
203 silly addNameRange     '0.2.8',
203 silly addNameRange     '0.3.0',
203 silly addNameRange     '0.3.1',
203 silly addNameRange     '0.3.3',
203 silly addNameRange     '0.3.4',
203 silly addNameRange     '0.3.5',
203 silly addNameRange     '0.3.6',
203 silly addNameRange     '0.3.7',
203 silly addNameRange     '0.4.0',
203 silly addNameRange     '0.5.0',
203 silly addNameRange     '0.5.1',
203 silly addNameRange     '0.5.2',
203 silly addNameRange     '0.6.0',
203 silly addNameRange     '0.6.1' ] ]
204 verbose addNamed [ 'optimist', '0.3.7' ]
205 verbose addNamed [ '0.3.7', '0.3.7' ]
206 silly lockFile 090e1d8d-optimist-0-3-7 optimist@0.3.7
207 verbose lock optimist@0.3.7 /Users/YellowGlue/.npm/090e1d8d-optimist-0-3-7.lock
208 silly lockFile 090e1d8d-optimist-0-3-7 optimist@0.3.7
209 silly lockFile 090e1d8d-optimist-0-3-7 optimist@0.3.7
210 silly lockFile c01d0ea5-optimist-0-3 optimist@~0.3
211 silly lockFile c01d0ea5-optimist-0-3 optimist@~0.3
212 silly resolved [ { name: 'uglify-js',
212 silly resolved     description: 'JavaScript parser, mangler/compressor and beautifier toolkit',
212 silly resolved     homepage: 'http://lisperator.net/uglifyjs',
212 silly resolved     main: 'tools/node.js',
212 silly resolved     version: '2.3.6',
212 silly resolved     engines: { node: '>=0.4.0' },
212 silly resolved     maintainers: [ [Object], [Object], [Object] ],
212 silly resolved     repository: { type: 'git', url: 'https://github.com/mishoo/UglifyJS2.git' },
212 silly resolved     dependencies: { async: '~0.2.6', 'source-map': '~0.1.7', optimist: '~0.3.5' },
212 silly resolved     bin: { uglifyjs: 'bin/uglifyjs' },
212 silly resolved     scripts: { test: 'node test/run-tests.js' },
212 silly resolved     _id: 'uglify-js@2.3.6',
212 silly resolved     dist:
212 silly resolved      { shasum: 'fa0984770b428b7a9b2a8058f46355d14fef211a',
212 silly resolved        tarball: 'http://registry.npmjs.org/uglify-js/-/uglify-js-2.3.6.tgz' },
212 silly resolved     _from: 'uglify-js@~2.3',
212 silly resolved     _npmVersion: '1.2.18',
212 silly resolved     _npmUser: { name: 'mishoo', email: 'mihai.bazon@gmail.com' },
212 silly resolved     directories: {},
212 silly resolved     _shasum: 'fa0984770b428b7a9b2a8058f46355d14fef211a',
212 silly resolved     _resolved: 'https://registry.npmjs.org/uglify-js/-/uglify-js-2.3.6.tgz',
212 silly resolved     bugs: { url: 'https://github.com/mishoo/UglifyJS2/issues' },
212 silly resolved     readme: 'ERROR: No README data found!' },
212 silly resolved   { name: 'optimist',
212 silly resolved     version: '0.3.7',
212 silly resolved     description: 'Light-weight option parsing with an argv hash. No optstrings attached.',
212 silly resolved     main: './index.js',
212 silly resolved     dependencies: { wordwrap: '~0.0.2' },
212 silly resolved     devDependencies: { hashish: '~0.0.4', tap: '~0.4.0' },
212 silly resolved     scripts: { test: 'tap ./test/*.js' },
212 silly resolved     repository:
212 silly resolved      { type: 'git',
212 silly resolved        url: 'http://github.com/substack/node-optimist.git' },
212 silly resolved     keywords:
212 silly resolved      [ 'argument',
212 silly resolved        'args',
212 silly resolved        'option',
212 silly resolved        'parser',
212 silly resolved        'parsing',
212 silly resolved        'cli',
212 silly resolved        'command' ],
212 silly resolved     author:
212 silly resolved      { name: 'James Halliday',
212 silly resolved        email: 'mail@substack.net',
212 silly resolved        url: 'http://substack.net' },
212 silly resolved     license: 'MIT/X11',
212 silly resolved     engine: { node: '>=0.4' },
212 silly resolved     readme: 'optimist\n========\n\nOptimist is a node.js library for option parsing for people who hate option\nparsing. More specifically, this module is for people who like all the --bells\nand -whistlz of program usage but think optstrings are a waste of time.\n\nWith optimist, option parsing doesn\'t have to suck (as much).\n\n[![build status](https://secure.travis-ci.org/substack/node-optimist.png)](http://travis-ci.org/substack/node-optimist)\n\nexamples\n========\n\nWith Optimist, the options are just a hash! No optstrings attached.\n-------------------------------------------------------------------\n\nxup.js:\n\n````javascript\n#!/usr/bin/env node\nvar argv = require(\'optimist\').argv;\n\nif (argv.rif - 5 * argv.xup > 7.138) {\n    console.log(\'Buy more riffiwobbles\');\n}\nelse {\n    console.log(\'Sell the xupptumblers\');\n}\n````\n\n***\n\n    $ ./xup.js --rif=55 --xup=9.52\n    Buy more riffiwobbles\n    \n    $ ./xup.js --rif 12 --xup 8.1\n    Sell the xupptumblers\n\n![This one\'s optimistic.](http://substack.net/images/optimistic.png)\n\nBut wait! There\'s more! You can do short options:\n-------------------------------------------------\n \nshort.js:\n\n````javascript\n#!/usr/bin/env node\nvar argv = require(\'optimist\').argv;\nconsole.log(\'(%d,%d)\', argv.x, argv.y);\n````\n\n***\n\n    $ ./short.js -x 10 -y 21\n    (10,21)\n\nAnd booleans, both long and short (and grouped):\n----------------------------------\n\nbool.js:\n\n````javascript\n#!/usr/bin/env node\nvar util = require(\'util\');\nvar argv = require(\'optimist\').argv;\n\nif (argv.s) {\n    util.print(argv.fr ? \'Le chat dit: \' : \'The cat says: \');\n}\nconsole.log(\n    (argv.fr ? \'miaou\' : \'meow\') + (argv.p ? \'.\' : \'\')\n);\n````\n\n***\n\n    $ ./bool.js -s\n    The cat says: meow\n    \n    $ ./bool.js -sp\n    The cat says: meow.\n\n    $ ./bool.js -sp --fr\n    Le chat dit: miaou.\n\nAnd non-hypenated options too! Just use `argv._`!\n-------------------------------------------------\n \nnonopt.js:\n\n````javascript\n#!/usr/bin/env node\nvar argv = require(\'optimist\').argv;\nconsole.log(\'(%d,%d)\', argv.x, argv.y);\nconsole.log(argv._);\n````\n\n***\n\n    $ ./nonopt.js -x 6.82 -y 3.35 moo\n    (6.82,3.35)\n    [ \'moo\' ]\n    \n    $ ./nonopt.js foo -x 0.54 bar -y 1.12 baz\n    (0.54,1.12)\n    [ \'foo\', \'bar\', \'baz\' ]\n\nPlus, Optimist comes with .usage() and .demand()!\n-------------------------------------------------\n\ndivide.js:\n\n````javascript\n#!/usr/bin/env node\nvar argv = require(\'optimist\')\n    .usage(\'Usage: $0 -x [num] -y [num]\')\n    .demand([\'x\',\'y\'])\n    .argv;\n\nconsole.log(argv.x / argv.y);\n````\n\n***\n \n    $ ./divide.js -x 55 -y 11\n    5\n    \n    $ node ./divide.js -x 4.91 -z 2.51\n    Usage: node ./divide.js -x [num] -y [num]\n\n    Options:\n      -x  [required]\n      -y  [required]\n\n    Missing required arguments: y\n\nEVEN MORE HOLY COW\n------------------\n\ndefault_singles.js:\n\n````javascript\n#!/usr/bin/env node\nvar argv = require(\'optimist\')\n    .default(\'x\', 10)\n    .default(\'y\', 10)\n    .argv\n;\nconsole.log(argv.x + argv.y);\n````\n\n***\n\n    $ ./default_singles.js -x 5\n    15\n\ndefault_hash.js:\n\n````javascript\n#!/usr/bin/env node\nvar argv = require(\'optimist\')\n    .default({ x : 10, y : 10 })\n    .argv\n;\nconsole.log(argv.x + argv.y);\n````\n\n***\n\n    $ ./default_hash.js -y 7\n    17\n\nAnd if you really want to get all descriptive about it...\n---------------------------------------------------------\n\nboolean_single.js\n\n````javascript\n#!/usr/bin/env node\nvar argv = require(\'optimist\')\n    .boolean(\'v\')\n    .argv\n;\nconsole.dir(argv);\n````\n\n***\n\n    $ ./boolean_single.js -v foo bar baz\n    true\n    [ \'bar\', \'baz\', \'foo\' ]\n\nboolean_double.js\n\n````javascript\n#!/usr/bin/env node\nvar argv = require(\'optimist\')\n    .boolean([\'x\',\'y\',\'z\'])\n    .argv\n;\nconsole.dir([ argv.x, argv.y, argv.z ]);\nconsole.dir(argv._);\n````\n\n***\n\n    $ ./boolean_double.js -x -z one two three\n    [ true, false, true ]\n    [ \'one\', \'two\', \'three\' ]\n\nOptimist is here to help...\n---------------------------\n\nYou can describe parameters for help messages and set aliases. Optimist figures\nout how to format a handy help string automatically.\n\nline_count.js\n\n````javascript\n#!/usr/bin/env node\nvar argv = require(\'optimist\')\n    .usage(\'Count the lines in a file.\\nUsage: $0\')\n    .demand(\'f\')\n    .alias(\'f\', \'file\')\n    .describe(\'f\', \'Load a file\')\n    .argv\n;\n\nvar fs = require(\'fs\');\nvar s = fs.createReadStream(argv.file);\n\nvar lines = 0;\ns.on(\'data\', function (buf) {\n    lines += buf.toString().match(/\\n/g).length;\n});\n\ns.on(\'end\', function () {\n    console.log(lines);\n});\n````\n\n***\n\n    $ node line_count.js\n    Count the lines in a file.\n    Usage: node ./line_count.js\n\n    Options:\n      -f, --file  Load a file  [required]\n\n    Missing required arguments: f\n\n    $ node line_count.js --file line_count.js \n    20\n    \n    $ node line_count.js -f line_count.js \n    20\n\nmethods\n=======\n\nBy itself,\n\n````javascript\nrequire(\'optimist\').argv\n`````\n\nwill use `process.argv` array to construct the `argv` object.\n\nYou can pass in the `process.argv` yourself:\n\n````javascript\nrequire(\'optimist\')([ \'-x\', \'1\', \'-y\', \'2\' ]).argv\n````\n\nor use .parse() to do the same thing:\n\n````javascript\nrequire(\'optimist\').parse([ \'-x\', \'1\', \'-y\', \'2\' ])\n````\n\nThe rest of these methods below come in just before the terminating `.argv`.\n\n.alias(key, alias)\n------------------\n\nSet key names as equivalent such that updates to a key will propagate to aliases\nand vice-versa.\n\nOptionally `.alias()` can take an object that maps keys to aliases.\n\n.default(key, value)\n--------------------\n\nSet `argv[key]` to `value` if no option was specified on `process.argv`.\n\nOptionally `.default()` can take an object that maps keys to default values.\n\n.demand(key)\n------------\n\nIf `key` is a string, show the usage information and exit if `key` wasn\'t\nspecified in `process.argv`.\n\nIf `key` is a number, demand at least as many non-option arguments, which show\nup in `argv._`.\n\nIf `key` is an Array, demand each element.\n\n.describe(key, desc)\n--------------------\n\nDescribe a `key` for the generated usage information.\n\nOptionally `.describe()` can take an object that maps keys to descriptions.\n\n.options(key, opt)\n------------------\n\nInstead of chaining together `.alias().demand().default()`, you can specify\nkeys in `opt` for each of the chainable methods.\n\nFor example:\n\n````javascript\nvar argv = require(\'optimist\')\n    .options(\'f\', {\n        alias : \'file\',\n        default : \'/etc/passwd\',\n    })\n    .argv\n;\n````\n\nis the same as\n\n````javascript\nvar argv = require(\'optimist\')\n    .alias(\'f\', \'file\')\n    .default(\'f\', \'/etc/passwd\')\n    .argv\n;\n````\n\nOptionally `.options()` can take an object that maps keys to `opt` parameters.\n\n.usage(message)\n---------------\n\nSet a usage message to show which commands to use. Inside `message`, the string\n`$0` will get interpolated to the current script name or node command for the\npresent script similar to how `$0` works in bash or perl.\n\n.check(fn)\n----------\n\nCheck that certain conditions are met in the provided arguments.\n\nIf `fn` throws or returns `false`, show the thrown error, usage information, and\nexit.\n\n.boolean(key)\n-------------\n\nInterpret `key` as a boolean. If a non-flag option follows `key` in\n`process.argv`, that string won\'t get set as the value of `key`.\n\nIf `key` never shows up as a flag in `process.arguments`, `argv[key]` will be\n`false`.\n\nIf `key` is an Array, interpret all the elements as booleans.\n\n.string(key)\n------------\n\nTell the parser logic not to interpret `key` as a number or boolean.\nThis can be useful if you need to preserve leading zeros in an input.\n\nIf `key` is an Array, interpret all the elements as strings.\n\n.wrap(columns)\n--------------\n\nFormat usage output to wrap at `columns` many columns.\n\n.help()\n-------\n\nReturn the generated usage string.\n\n.showHelp(fn=console.error)\n---------------------------\n\nPrint the usage data using `fn` for printing.\n\n.parse(args)\n------------\n\nParse `args` instead of `process.argv`. Returns the `argv` object.\n\n.argv\n-----\n\nGet the arguments as a plain old object.\n\nArguments without a corresponding flag show up in the `argv._` array.\n\nThe script name or node command is available at `argv.$0` similarly to how `$0`\nworks in bash or perl.\n\nparsing tricks\n==============\n\nstop parsing\n------------\n\nUse `--` to stop parsing flags and stuff the remainder into `argv._`.\n\n    $ node examples/reflect.js -a 1 -b 2 -- -c 3 -d 4\n    { _: [ \'-c\', \'3\', \'-d\', \'4\' ],\n      \'$0\': \'node ./examples/reflect.js\',\n      a: 1,\n      b: 2 }\n\nnegate fields\n-------------\n\nIf you want to explicity set a field to false instead of just leaving it\nundefined or to override a default you can do `--no-key`.\n\n    $ node examples/reflect.js -a --no-b\n    { _: [],\n      \'$0\': \'node ./examples/reflect.js\',\n      a: true,\n      b: false }\n\nnumbers\n-------\n\nEvery argument that looks like a number (`!isNaN(Number(arg))`) is converted to\none. This way you can just `net.createConnection(argv.port)` and you can add\nnumbers out of `argv` with `+` without having that mean concatenation,\nwhich is super frustrating.\n\nduplicates\n----------\n\nIf you specify a flag multiple times it will get turned into an array containing\nall the values in order.\n\n    $ node examples/reflect.js -x 5 -x 8 -x 0\n    { _: [],\n      \'$0\': \'node ./examples/reflect.js\',\n        x: [ 5, 8, 0 ] }\n\ndot notation\n------------\n\nWhen you use dots (`.`s) in argument names, an implicit object path is assumed.\nThis lets you organize arguments into nested objects.\n\n     $ node examples/reflect.js --foo.bar.baz=33 --foo.quux=5\n     { _: [],\n       \'$0\': \'node ./examples/reflect.js\',\n         foo: { bar: { baz: 33 }, quux: 5 } }\n\ninstallation\n============\n\nWith [npm](http://github.com/isaacs/npm), just do:\n    npm install optimist\n \nor clone this project on github:\n\n    git clone http://github.com/substack/node-optimist.git\n\nTo run the tests with [expresso](http://github.com/visionmedia/expresso),\njust do:\n    \n    expresso\n\ninspired By\n===========\n\nThis module is loosely inspired by Perl\'s\n[Getopt::Casual](http://search.cpan.org/~photo/Getopt-Casual-0.13.1/Casual.pm).\n',
212 silly resolved     readmeFilename: 'readme.markdown',
212 silly resolved     bugs: { url: 'https://github.com/substack/node-optimist/issues' },
212 silly resolved     homepage: 'https://github.com/substack/node-optimist',
212 silly resolved     _id: 'optimist@0.3.7',
212 silly resolved     _from: 'optimist@~0.3' } ]
213 info install uglify-js@2.3.6 into /usr/local/lib/node_modules/dummy-json/node_modules/handlebars
214 info install optimist@0.3.7 into /usr/local/lib/node_modules/dummy-json/node_modules/handlebars
215 info installOne uglify-js@2.3.6
216 info installOne optimist@0.3.7
217 verbose on/node_modules/handlebars/node_modules/uglify-js unbuild
218 verbose on/node_modules/handlebars/node_modules/optimist unbuild
219 verbose tar unpack /Users/YellowGlue/.npm/uglify-js/2.3.6/package.tgz
220 silly lockFile 4a0114a8-andlebars-node-modules-uglify-js tar:///usr/local/lib/node_modules/dummy-json/node_modules/handlebars/node_modules/uglify-js
221 verbose lock tar:///usr/local/lib/node_modules/dummy-json/node_modules/handlebars/node_modules/uglify-js /Users/YellowGlue/.npm/4a0114a8-andlebars-node-modules-uglify-js.lock
222 silly lockFile ffc2b7b2--npm-uglify-js-2-3-6-package-tgz tar:///Users/YellowGlue/.npm/uglify-js/2.3.6/package.tgz
223 verbose lock tar:///Users/YellowGlue/.npm/uglify-js/2.3.6/package.tgz /Users/YellowGlue/.npm/ffc2b7b2--npm-uglify-js-2-3-6-package-tgz.lock
224 verbose tar unpack /Users/YellowGlue/.npm/optimist/0.3.7/package.tgz
225 silly lockFile 063846f2-handlebars-node-modules-optimist tar:///usr/local/lib/node_modules/dummy-json/node_modules/handlebars/node_modules/optimist
226 verbose lock tar:///usr/local/lib/node_modules/dummy-json/node_modules/handlebars/node_modules/optimist /Users/YellowGlue/.npm/063846f2-handlebars-node-modules-optimist.lock
227 silly lockFile 418d984b-e-npm-optimist-0-3-7-package-tgz tar:///Users/YellowGlue/.npm/optimist/0.3.7/package.tgz
228 verbose lock tar:///Users/YellowGlue/.npm/optimist/0.3.7/package.tgz /Users/YellowGlue/.npm/418d984b-e-npm-optimist-0-3-7-package-tgz.lock
229 silly gunzTarPerm modes [ '755', '644' ]
230 silly gunzTarPerm modes [ '755', '644' ]
231 silly gunzTarPerm extractEntry package.json
232 silly gunzTarPerm extractEntry package.json
233 silly gunzTarPerm extractEntry .npmignore
234 silly gunzTarPerm extractEntry README.md
235 silly gunzTarPerm extractEntry LICENSE
236 silly gunzTarPerm extractEntry index.js
237 silly gunzTarPerm extractEntry LICENSE
238 silly gunzTarPerm extractEntry .travis.yml
239 silly gunzTarPerm extractEntry .travis.yml
240 silly gunzTarPerm extractEntry bin/uglifyjs
241 silly gunzTarPerm extractEntry example/bool.js
242 silly gunzTarPerm extractEntry example/default_singles.js
243 silly gunzTarPerm extractEntry example/divide.js
244 silly gunzTarPerm extractEntry example/line_count.js
245 silly gunzTarPerm extractEntry example/default_hash.js
246 silly gunzTarPerm extractEntry example/line_count_wrap.js
247 silly gunzTarPerm extractEntry lib/ast.js
248 silly gunzTarPerm extractEntry lib/compress.js
249 silly gunzTarPerm extractEntry example/nonopt.js
250 silly gunzTarPerm extractEntry example/reflect.js
251 silly gunzTarPerm extractEntry lib/mozilla-ast.js
252 silly gunzTarPerm extractEntry lib/output.js
253 silly gunzTarPerm extractEntry example/short.js
254 silly gunzTarPerm extractEntry example/string.js
255 silly gunzTarPerm extractEntry lib/parse.js
256 silly gunzTarPerm extractEntry example/boolean_single.js
257 silly gunzTarPerm extractEntry example/usage-options.js
258 silly gunzTarPerm extractEntry example/boolean_double.js
259 silly gunzTarPerm extractEntry example/xup.js
260 silly gunzTarPerm extractEntry example/line_count_options.js
261 silly gunzTarPerm extractEntry readme.markdown
262 silly gunzTarPerm extractEntry lib/scope.js
263 silly gunzTarPerm extractEntry lib/sourcemap.js
264 silly gunzTarPerm extractEntry test/_.js
265 silly gunzTarPerm extractEntry test/parse.js
266 silly gunzTarPerm extractEntry test/usage.js
267 silly gunzTarPerm extractEntry test/_/argv.js
268 silly gunzTarPerm extractEntry test/_/bin.js
269 silly gunzTarPerm extractEntry lib/transform.js
270 silly gunzTarPerm extractEntry lib/utils.js
271 silly gunzTarPerm extractEntry test/run-tests.js
272 silly lockFile 063846f2-handlebars-node-modules-optimist tar:///usr/local/lib/node_modules/dummy-json/node_modules/handlebars/node_modules/optimist
273 silly lockFile 063846f2-handlebars-node-modules-optimist tar:///usr/local/lib/node_modules/dummy-json/node_modules/handlebars/node_modules/optimist
274 silly lockFile 418d984b-e-npm-optimist-0-3-7-package-tgz tar:///Users/YellowGlue/.npm/optimist/0.3.7/package.tgz
275 silly lockFile 418d984b-e-npm-optimist-0-3-7-package-tgz tar:///Users/YellowGlue/.npm/optimist/0.3.7/package.tgz
276 info preinstall optimist@0.3.7
277 verbose readDependencies using package.json deps
278 verbose readDependencies using package.json deps
279 verbose cache add [ 'wordwrap@~0.0.2', null ]
280 verbose cache add name=undefined spec="wordwrap@~0.0.2" args=["wordwrap@~0.0.2",null]
281 verbose parsed url { protocol: null,
281 verbose parsed url   slashes: null,
281 verbose parsed url   auth: null,
281 verbose parsed url   host: null,
281 verbose parsed url   port: null,
281 verbose parsed url   hostname: null,
281 verbose parsed url   hash: null,
281 verbose parsed url   search: null,
281 verbose parsed url   query: null,
281 verbose parsed url   pathname: 'wordwrap@~0.0.2',
281 verbose parsed url   path: 'wordwrap@~0.0.2',
281 verbose parsed url   href: 'wordwrap@~0.0.2' }
282 verbose cache add name="wordwrap" spec="~0.0.2" args=["wordwrap","~0.0.2"]
283 verbose parsed url { protocol: null,
283 verbose parsed url   slashes: null,
283 verbose parsed url   auth: null,
283 verbose parsed url   host: null,
283 verbose parsed url   port: null,
283 verbose parsed url   hostname: null,
283 verbose parsed url   hash: null,
283 verbose parsed url   search: null,
283 verbose parsed url   query: null,
283 verbose parsed url   pathname: '~0.0.2',
283 verbose parsed url   path: '~0.0.2',
283 verbose parsed url   href: '~0.0.2' }
284 verbose addNamed [ 'wordwrap', '~0.0.2' ]
285 verbose addNamed [ null, '>=0.0.2-0 <0.1.0-0' ]
286 silly lockFile 8bd42136-wordwrap-0-0-2 wordwrap@~0.0.2
287 verbose lock wordwrap@~0.0.2 /Users/YellowGlue/.npm/8bd42136-wordwrap-0-0-2.lock
288 silly addNameRange { name: 'wordwrap', range: '>=0.0.2-0 <0.1.0-0', hasData: false }
289 silly gunzTarPerm extractEntry test/compress/arrays.js
290 silly gunzTarPerm extractEntry test/compress/drop-unused.js
291 verbose request where is /wordwrap
292 verbose request registry https://registry.npmjs.org/
293 verbose url raw /wordwrap
294 verbose url resolving [ 'https://registry.npmjs.org/', './wordwrap' ]
295 verbose url resolved https://registry.npmjs.org/wordwrap
296 verbose request where is https://registry.npmjs.org/wordwrap
297 info trying registry request attempt 1 at 16:07:53
298 verbose etag "BWZBG6OAWP3BCANDD0T9BQOBO"
299 http GET https://registry.npmjs.org/wordwrap
300 silly gunzTarPerm extractEntry test/compress/issue-105.js
301 silly gunzTarPerm extractEntry test/compress/issue-12.js
302 silly gunzTarPerm extractEntry test/compress/issue-143.js
303 silly gunzTarPerm extractEntry test/compress/debugger.js
304 silly gunzTarPerm extractEntry test/compress/issue-44.js
305 silly gunzTarPerm extractEntry test/compress/issue-59.js
306 silly gunzTarPerm extractEntry test/compress/labels.js
307 silly gunzTarPerm extractEntry test/compress/loops.js
308 silly gunzTarPerm extractEntry test/compress/properties.js
309 silly gunzTarPerm extractEntry test/compress/dead-code.js
310 silly gunzTarPerm extractEntry test/compress/sequences.js
311 silly gunzTarPerm extractEntry test/compress/conditionals.js
312 silly gunzTarPerm extractEntry test/compress/switch.js
313 silly gunzTarPerm extractEntry test/compress/blocks.js
314 silly gunzTarPerm extractEntry test/compress/typeof.js
315 silly gunzTarPerm extractEntry test/compress/issue-22.js
316 silly gunzTarPerm extractEntry tools/node.js
317 silly lockFile 4a0114a8-andlebars-node-modules-uglify-js tar:///usr/local/lib/node_modules/dummy-json/node_modules/handlebars/node_modules/uglify-js
318 silly lockFile 4a0114a8-andlebars-node-modules-uglify-js tar:///usr/local/lib/node_modules/dummy-json/node_modules/handlebars/node_modules/uglify-js
319 silly lockFile ffc2b7b2--npm-uglify-js-2-3-6-package-tgz tar:///Users/YellowGlue/.npm/uglify-js/2.3.6/package.tgz
320 silly lockFile ffc2b7b2--npm-uglify-js-2-3-6-package-tgz tar:///Users/YellowGlue/.npm/uglify-js/2.3.6/package.tgz
321 info preinstall uglify-js@2.3.6
322 verbose readDependencies using package.json deps
323 verbose readDependencies using package.json deps
324 verbose cache add [ 'async@~0.2.6', null ]
325 verbose cache add name=undefined spec="async@~0.2.6" args=["async@~0.2.6",null]
326 verbose parsed url { protocol: null,
326 verbose parsed url   slashes: null,
326 verbose parsed url   auth: null,
326 verbose parsed url   host: null,
326 verbose parsed url   port: null,
326 verbose parsed url   hostname: null,
326 verbose parsed url   hash: null,
326 verbose parsed url   search: null,
326 verbose parsed url   query: null,
326 verbose parsed url   pathname: 'async@~0.2.6',
326 verbose parsed url   path: 'async@~0.2.6',
326 verbose parsed url   href: 'async@~0.2.6' }
327 verbose cache add [ 'source-map@~0.1.7', null ]
328 verbose cache add name=undefined spec="source-map@~0.1.7" args=["source-map@~0.1.7",null]
329 verbose parsed url { protocol: null,
329 verbose parsed url   slashes: null,
329 verbose parsed url   auth: null,
329 verbose parsed url   host: null,
329 verbose parsed url   port: null,
329 verbose parsed url   hostname: null,
329 verbose parsed url   hash: null,
329 verbose parsed url   search: null,
329 verbose parsed url   query: null,
329 verbose parsed url   pathname: 'source-map@~0.1.7',
329 verbose parsed url   path: 'source-map@~0.1.7',
329 verbose parsed url   href: 'source-map@~0.1.7' }
330 verbose cache add name="async" spec="~0.2.6" args=["async","~0.2.6"]
331 verbose parsed url { protocol: null,
331 verbose parsed url   slashes: null,
331 verbose parsed url   auth: null,
331 verbose parsed url   host: null,
331 verbose parsed url   port: null,
331 verbose parsed url   hostname: null,
331 verbose parsed url   hash: null,
331 verbose parsed url   search: null,
331 verbose parsed url   query: null,
331 verbose parsed url   pathname: '~0.2.6',
331 verbose parsed url   path: '~0.2.6',
331 verbose parsed url   href: '~0.2.6' }
332 verbose addNamed [ 'async', '~0.2.6' ]
333 verbose addNamed [ null, '>=0.2.6-0 <0.3.0-0' ]
334 silly lockFile e00b1d77-async-0-2-6 async@~0.2.6
335 verbose lock async@~0.2.6 /Users/YellowGlue/.npm/e00b1d77-async-0-2-6.lock
336 verbose cache add name="source-map" spec="~0.1.7" args=["source-map","~0.1.7"]
337 verbose parsed url { protocol: null,
337 verbose parsed url   slashes: null,
337 verbose parsed url   auth: null,
337 verbose parsed url   host: null,
337 verbose parsed url   port: null,
337 verbose parsed url   hostname: null,
337 verbose parsed url   hash: null,
337 verbose parsed url   search: null,
337 verbose parsed url   query: null,
337 verbose parsed url   pathname: '~0.1.7',
337 verbose parsed url   path: '~0.1.7',
337 verbose parsed url   href: '~0.1.7' }
338 verbose addNamed [ 'source-map', '~0.1.7' ]
339 verbose addNamed [ null, '>=0.1.7-0 <0.2.0-0' ]
340 silly lockFile 19b4245f-source-map-0-1-7 source-map@~0.1.7
341 verbose lock source-map@~0.1.7 /Users/YellowGlue/.npm/19b4245f-source-map-0-1-7.lock
342 silly addNameRange { name: 'async', range: '>=0.2.6-0 <0.3.0-0', hasData: false }
343 silly addNameRange { name: 'source-map',
343 silly addNameRange   range: '>=0.1.7-0 <0.2.0-0',
343 silly addNameRange   hasData: false }
344 verbose request where is /async
345 verbose request registry https://registry.npmjs.org/
346 verbose url raw /async
347 verbose url resolving [ 'https://registry.npmjs.org/', './async' ]
348 verbose url resolved https://registry.npmjs.org/async
349 verbose request where is https://registry.npmjs.org/async
350 info trying registry request attempt 1 at 16:07:53
351 verbose etag "43R1CLPZWNCP1BPV4CF0G6AND"
352 http GET https://registry.npmjs.org/async
353 verbose request where is /source-map
354 verbose request registry https://registry.npmjs.org/
355 verbose url raw /source-map
356 verbose url resolving [ 'https://registry.npmjs.org/', './source-map' ]
357 verbose url resolved https://registry.npmjs.org/source-map
358 verbose request where is https://registry.npmjs.org/source-map
359 info trying registry request attempt 1 at 16:07:53
360 verbose etag "5NJ3NBHWVOAAWCS8D43VRPWZ1"
361 http GET https://registry.npmjs.org/source-map
362 http 304 https://registry.npmjs.org/wordwrap
363 silly registry.get cb [ 304,
363 silly registry.get   { date: 'Wed, 07 Jan 2015 08:07:54 GMT',
363 silly registry.get     server: 'Apache',
363 silly registry.get     via: '1.1 varnish',
363 silly registry.get     'last-modified': 'Wed, 07 Jan 2015 08:07:54 GMT',
363 silly registry.get     'cache-control': 'max-age=60',
363 silly registry.get     etag: '"BWZBG6OAWP3BCANDD0T9BQOBO"',
363 silly registry.get     age: '17',
363 silly registry.get     'x-served-by': 'cache-sn88-SIN',
363 silly registry.get     'x-cache': 'HIT',
363 silly registry.get     'x-cache-hits': '1',
363 silly registry.get     'x-timer': 'S1420618074.272522,VS0,VE0',
363 silly registry.get     vary: 'Accept',
363 silly registry.get     'content-length': '0',
363 silly registry.get     'keep-alive': 'timeout=10, max=50',
363 silly registry.get     connection: 'Keep-Alive' } ]
364 verbose etag https://registry.npmjs.org/wordwrap from cache
365 silly addNameRange number 2 { name: 'wordwrap', range: '>=0.0.2-0 <0.1.0-0', hasData: true }
366 silly addNameRange versions [ 'wordwrap', [ '0.0.1', '0.0.2' ] ]
367 verbose addNamed [ 'wordwrap', '0.0.2' ]
368 verbose addNamed [ '0.0.2', '0.0.2' ]
369 silly lockFile 24a694c8-wordwrap-0-0-2 wordwrap@0.0.2
370 verbose lock wordwrap@0.0.2 /Users/YellowGlue/.npm/24a694c8-wordwrap-0-0-2.lock
371 silly lockFile 24a694c8-wordwrap-0-0-2 wordwrap@0.0.2
372 silly lockFile 24a694c8-wordwrap-0-0-2 wordwrap@0.0.2
373 silly lockFile 8bd42136-wordwrap-0-0-2 wordwrap@~0.0.2
374 silly lockFile 8bd42136-wordwrap-0-0-2 wordwrap@~0.0.2
375 silly resolved [ { name: 'wordwrap',
375 silly resolved     description: 'Wrap those words. Show them at what columns to start and stop.',
375 silly resolved     version: '0.0.2',
375 silly resolved     repository:
375 silly resolved      { type: 'git',
375 silly resolved        url: 'git://github.com/substack/node-wordwrap.git' },
375 silly resolved     main: './index.js',
375 silly resolved     keywords: [ 'word', 'wrap', 'rule', 'format', 'column' ],
375 silly resolved     directories: { lib: '.', example: 'example', test: 'test' },
375 silly resolved     scripts: { test: 'expresso' },
375 silly resolved     devDependencies: { expresso: '=0.7.x' },
375 silly resolved     engines: { node: '>=0.4.0' },
375 silly resolved     license: 'MIT/X11',
375 silly resolved     author:
375 silly resolved      { name: 'James Halliday',
375 silly resolved        email: 'mail@substack.net',
375 silly resolved        url: 'http://substack.net' },
375 silly resolved     readme: 'wordwrap\n========\n\nWrap your words.\n\nexample\n=======\n\nmade out of meat\n----------------\n\nmeat.js\n\n    var wrap = require(\'wordwrap\')(15);\n    console.log(wrap(\'You and your whole family are made out of meat.\'));\n\noutput:\n\n    You and your\n    whole family\n    are made out\n    of meat.\n\ncentered\n--------\n\ncenter.js\n\n    var wrap = require(\'wordwrap\')(20, 60);\n    console.log(wrap(\n        \'At long last the struggle and tumult was over.\'\n        + \' The machines had finally cast off their oppressors\'\n        + \' and were finally free to roam the cosmos.\'\n        + \'\\n\'\n        + \'Free of purpose, free of obligation.\'\n        + \' Just drifting through emptiness.\'\n        + \' The sun was just another point of light.\'\n    ));\n\noutput:\n\n                        At long last the struggle and tumult\n                        was over. The machines had finally cast\n                        off their oppressors and were finally\n                        free to roam the cosmos.\n                        Free of purpose, free of obligation.\n                        Just drifting through emptiness. The\n                        sun was just another point of light.\n\nmethods\n=======\n\nvar wrap = require(\'wordwrap\');\n\nwrap(stop), wrap(start, stop, params={mode:"soft"})\n---------------------------------------------------\n\nReturns a function that takes a string and returns a new string.\n\nPad out lines with spaces out to column `start` and then wrap until column\n`stop`. If a word is longer than `stop - start` characters it will overflow.\n\nIn "soft" mode, split chunks by `/(\\S+\\s+/` and don\'t break up chunks which are\nlonger than `stop - start`, in "hard" mode, split chunks with `/\\b/` and break\nup chunks longer than `stop - start`.\n\nwrap.hard(start, stop)\n----------------------\n\nLike `wrap()` but with `params.mode = "hard"`.\n',
375 silly resolved     readmeFilename: 'README.markdown',
375 silly resolved     bugs: { url: 'https://github.com/substack/node-wordwrap/issues' },
375 silly resolved     homepage: 'https://github.com/substack/node-wordwrap',
375 silly resolved     _id: 'wordwrap@0.0.2',
375 silly resolved     _from: 'wordwrap@~0.0.2' } ]
376 info install wordwrap@0.0.2 into /usr/local/lib/node_modules/dummy-json/node_modules/handlebars/node_modules/optimist
377 info installOne wordwrap@0.0.2
378 verbose on/node_modules/handlebars/node_modules/optimist/node_modules/wordwrap unbuild
379 verbose tar unpack /Users/YellowGlue/.npm/wordwrap/0.0.2/package.tgz
380 silly lockFile 310ece06-s-optimist-node-modules-wordwrap tar:///usr/local/lib/node_modules/dummy-json/node_modules/handlebars/node_modules/optimist/node_modules/wordwrap
381 verbose lock tar:///usr/local/lib/node_modules/dummy-json/node_modules/handlebars/node_modules/optimist/node_modules/wordwrap /Users/YellowGlue/.npm/310ece06-s-optimist-node-modules-wordwrap.lock
382 silly lockFile 457ae2a0-e-npm-wordwrap-0-0-2-package-tgz tar:///Users/YellowGlue/.npm/wordwrap/0.0.2/package.tgz
383 verbose lock tar:///Users/YellowGlue/.npm/wordwrap/0.0.2/package.tgz /Users/YellowGlue/.npm/457ae2a0-e-npm-wordwrap-0-0-2-package-tgz.lock
384 silly gunzTarPerm modes [ '755', '644' ]
385 silly gunzTarPerm extractEntry package.json
386 silly gunzTarPerm extractEntry .npmignore
387 silly gunzTarPerm extractEntry index.js
388 silly gunzTarPerm extractEntry README.markdown
389 silly gunzTarPerm extractEntry example/center.js
390 silly gunzTarPerm extractEntry example/meat.js
391 silly gunzTarPerm extractEntry test/break.js
392 silly gunzTarPerm extractEntry test/wrap.js
393 silly gunzTarPerm extractEntry test/idleness.txt
394 silly lockFile 310ece06-s-optimist-node-modules-wordwrap tar:///usr/local/lib/node_modules/dummy-json/node_modules/handlebars/node_modules/optimist/node_modules/wordwrap
395 silly lockFile 310ece06-s-optimist-node-modules-wordwrap tar:///usr/local/lib/node_modules/dummy-json/node_modules/handlebars/node_modules/optimist/node_modules/wordwrap
396 silly lockFile 457ae2a0-e-npm-wordwrap-0-0-2-package-tgz tar:///Users/YellowGlue/.npm/wordwrap/0.0.2/package.tgz
397 silly lockFile 457ae2a0-e-npm-wordwrap-0-0-2-package-tgz tar:///Users/YellowGlue/.npm/wordwrap/0.0.2/package.tgz
398 info preinstall wordwrap@0.0.2
399 verbose readDependencies using package.json deps
400 verbose readDependencies using package.json deps
401 silly resolved []
402 verbose about to build /usr/local/lib/node_modules/dummy-json/node_modules/handlebars/node_modules/optimist/node_modules/wordwrap
403 info build /usr/local/lib/node_modules/dummy-json/node_modules/handlebars/node_modules/optimist/node_modules/wordwrap
404 verbose linkStuff [ false,
404 verbose linkStuff   false,
404 verbose linkStuff   false,
404 verbose linkStuff   '/usr/local/lib/node_modules/dummy-json/node_modules/handlebars/node_modules/optimist/node_modules' ]
405 info linkStuff wordwrap@0.0.2
406 verbose linkBins wordwrap@0.0.2
407 verbose linkMans wordwrap@0.0.2
408 verbose rebuildBundles wordwrap@0.0.2
409 info install wordwrap@0.0.2
410 info postinstall wordwrap@0.0.2
411 verbose about to build /usr/local/lib/node_modules/dummy-json/node_modules/handlebars/node_modules/optimist
412 info build /usr/local/lib/node_modules/dummy-json/node_modules/handlebars/node_modules/optimist
413 verbose linkStuff [ false,
413 verbose linkStuff   false,
413 verbose linkStuff   false,
413 verbose linkStuff   '/usr/local/lib/node_modules/dummy-json/node_modules/handlebars/node_modules' ]
414 info linkStuff optimist@0.3.7
415 verbose linkBins optimist@0.3.7
416 verbose linkMans optimist@0.3.7
417 verbose rebuildBundles optimist@0.3.7
418 verbose rebuildBundles [ 'wordwrap' ]
419 info install optimist@0.3.7
420 info postinstall optimist@0.3.7
421 http 200 https://registry.npmjs.org/async
422 silly registry.get cb [ 200,
422 silly registry.get   { date: 'Wed, 07 Jan 2015 08:07:54 GMT',
422 silly registry.get     server: 'CouchDB/1.5.0 (Erlang OTP/R16B03)',
422 silly registry.get     etag: '"5T2W7Y64A5JSV7S9SG8WBWL5F"',
422 silly registry.get     'content-type': 'application/json',
422 silly registry.get     'cache-control': 'max-age=60',
422 silly registry.get     'content-length': '106837',
422 silly registry.get     'accept-ranges': 'bytes',
422 silly registry.get     via: '1.1 varnish',
422 silly registry.get     age: '51',
422 silly registry.get     'x-served-by': 'cache-sn88-SIN',
422 silly registry.get     'x-cache': 'HIT',
422 silly registry.get     'x-cache-hits': '5',
422 silly registry.get     'x-timer': 'S1420618074.338465,VS0,VE0',
422 silly registry.get     vary: 'Accept',
422 silly registry.get     'keep-alive': 'timeout=10, max=50',
422 silly registry.get     connection: 'Keep-Alive' } ]
423 http 200 https://registry.npmjs.org/source-map
424 silly registry.get cb [ 200,
424 silly registry.get   { date: 'Wed, 07 Jan 2015 08:07:54 GMT',
424 silly registry.get     server: 'CouchDB/1.5.0 (Erlang OTP/R16B03)',
424 silly registry.get     etag: '"2ZINFG07S7F41617YA2UL829G"',
424 silly registry.get     'content-type': 'application/json',
424 silly registry.get     'cache-control': 'max-age=60',
424 silly registry.get     'content-length': '95412',
424 silly registry.get     'accept-ranges': 'bytes',
424 silly registry.get     via: '1.1 varnish',
424 silly registry.get     age: '55',
424 silly registry.get     'x-served-by': 'cache-sn86-SIN',
424 silly registry.get     'x-cache': 'HIT',
424 silly registry.get     'x-cache-hits': '1',
424 silly registry.get     'x-timer': 'S1420618074.342541,VS0,VE0',
424 silly registry.get     vary: 'Accept',
424 silly registry.get     'keep-alive': 'timeout=10, max=50',
424 silly registry.get     connection: 'Keep-Alive' } ]
425 silly addNameRange number 2 { name: 'async', range: '>=0.2.6-0 <0.3.0-0', hasData: true }
426 silly addNameRange versions [ 'async',
426 silly addNameRange   [ '0.1.0',
426 silly addNameRange     '0.1.1',
426 silly addNameRange     '0.1.2',
426 silly addNameRange     '0.1.3',
426 silly addNameRange     '0.1.4',
426 silly addNameRange     '0.1.5',
426 silly addNameRange     '0.1.6',
426 silly addNameRange     '0.1.7',
426 silly addNameRange     '0.1.8',
426 silly addNameRange     '0.1.9',
426 silly addNameRange     '0.1.10',
426 silly addNameRange     '0.1.11',
426 silly addNameRange     '0.1.12',
426 silly addNameRange     '0.1.13',
426 silly addNameRange     '0.1.14',
426 silly addNameRange     '0.1.15',
426 silly addNameRange     '0.1.16',
426 silly addNameRange     '0.1.17',
426 silly addNameRange     '0.1.18',
426 silly addNameRange     '0.1.19',
426 silly addNameRange     '0.1.20',
426 silly addNameRange     '0.1.21',
426 silly addNameRange     '0.1.22',
426 silly addNameRange     '0.2.0',
426 silly addNameRange     '0.2.1',
426 silly addNameRange     '0.2.2',
426 silly addNameRange     '0.2.3',
426 silly addNameRange     '0.2.4',
426 silly addNameRange     '0.2.5',
426 silly addNameRange     '0.2.6',
426 silly addNameRange     '0.2.7',
426 silly addNameRange     '0.2.8',
426 silly addNameRange     '0.2.9',
426 silly addNameRange     '0.2.10',
426 silly addNameRange     '0.3.0',
426 silly addNameRange     '0.4.0',
426 silly addNameRange     '0.4.1',
426 silly addNameRange     '0.5.0',
426 silly addNameRange     '0.6.0',
426 silly addNameRange     '0.6.1',
426 silly addNameRange     '0.6.2',
426 silly addNameRange     '0.7.0',
426 silly addNameRange     '0.8.0',
426 silly addNameRange     '0.9.0' ] ]
427 verbose addNamed [ 'async', '0.2.10' ]
428 verbose addNamed [ '0.2.10', '0.2.10' ]
429 silly lockFile 098b530d-async-0-2-10 async@0.2.10
430 verbose lock async@0.2.10 /Users/YellowGlue/.npm/098b530d-async-0-2-10.lock
431 silly addNameRange number 2 { name: 'source-map',
431 silly addNameRange   range: '>=0.1.7-0 <0.2.0-0',
431 silly addNameRange   hasData: true }
432 silly addNameRange versions [ 'source-map',
432 silly addNameRange   [ '0.0.0',
432 silly addNameRange     '0.1.0',
432 silly addNameRange     '0.1.1',
432 silly addNameRange     '0.1.2',
432 silly addNameRange     '0.1.3',
432 silly addNameRange     '0.1.4',
432 silly addNameRange     '0.1.5',
432 silly addNameRange     '0.1.6',
432 silly addNameRange     '0.1.7',
432 silly addNameRange     '0.1.8',
432 silly addNameRange     '0.1.9',
432 silly addNameRange     '0.1.10',
432 silly addNameRange     '0.1.11',
432 silly addNameRange     '0.1.12',
432 silly addNameRange     '0.1.13',
432 silly addNameRange     '0.1.14',
432 silly addNameRange     '0.1.15',
432 silly addNameRange     '0.1.16',
432 silly addNameRange     '0.1.17',
432 silly addNameRange     '0.1.18',
432 silly addNameRange     '0.1.19',
432 silly addNameRange     '0.1.20',
432 silly addNameRange     '0.1.21',
432 silly addNameRange     '0.1.22',
432 silly addNameRange     '0.1.23',
432 silly addNameRange     '0.1.24',
432 silly addNameRange     '0.1.25',
432 silly addNameRange     '0.1.26',
432 silly addNameRange     '0.1.27',
432 silly addNameRange     '0.1.28',
432 silly addNameRange     '0.1.29',
432 silly addNameRange     '0.1.30',
432 silly addNameRange     '0.1.31',
432 silly addNameRange     '0.1.32',
432 silly addNameRange     '0.1.33',
432 silly addNameRange     '0.1.34',
432 silly addNameRange     '0.1.35',
432 silly addNameRange     '0.1.36',
432 silly addNameRange     '0.1.37',
432 silly addNameRange     '0.1.38',
432 silly addNameRange     '0.1.39',
432 silly addNameRange     '0.1.40',
432 silly addNameRange     '0.1.41',
432 silly addNameRange     '0.1.42' ] ]
433 verbose addNamed [ 'source-map', '0.1.42' ]
434 verbose addNamed [ '0.1.42', '0.1.42' ]
435 silly lockFile 36c32446-source-map-0-1-42 source-map@0.1.42
436 verbose lock source-map@0.1.42 /Users/YellowGlue/.npm/36c32446-source-map-0-1-42.lock
437 silly lockFile 3f3fa2cb-source-map-source-map-0-1-42-tgz https://registry.npmjs.org/source-map/-/source-map-0.1.42.tgz
438 verbose lock https://registry.npmjs.org/source-map/-/source-map-0.1.42.tgz /Users/YellowGlue/.npm/3f3fa2cb-source-map-source-map-0-1-42-tgz.lock
439 verbose addRemoteTarball [ 'https://registry.npmjs.org/source-map/-/source-map-0.1.42.tgz',
439 verbose addRemoteTarball   '37c2958c79fee8d919173e5a7ccbd933b2ff835e' ]
440 silly lockFile 098b530d-async-0-2-10 async@0.2.10
441 silly lockFile 098b530d-async-0-2-10 async@0.2.10
442 silly lockFile e00b1d77-async-0-2-6 async@~0.2.6
443 silly lockFile e00b1d77-async-0-2-6 async@~0.2.6
444 info retry fetch attempt 1 at 16:07:54
445 verbose fetch to= /var/folders/mw/jnm_v7yd2dz1gp03h90py2w00000gn/T/npm-67261-lEKFw9ox/registry.npmjs.org/source-map/-/source-map-0.1.42.tgz
446 http GET https://registry.npmjs.org/source-map/-/source-map-0.1.42.tgz
447 http 200 https://registry.npmjs.org/source-map/-/source-map-0.1.42.tgz
448 silly lockFile 3f3fa2cb-source-map-source-map-0-1-42-tgz https://registry.npmjs.org/source-map/-/source-map-0.1.42.tgz
449 silly lockFile 3f3fa2cb-source-map-source-map-0-1-42-tgz https://registry.npmjs.org/source-map/-/source-map-0.1.42.tgz
450 silly lockFile 36c32446-source-map-0-1-42 source-map@0.1.42
451 silly lockFile 36c32446-source-map-0-1-42 source-map@0.1.42
452 silly lockFile 19b4245f-source-map-0-1-7 source-map@~0.1.7
453 silly lockFile 19b4245f-source-map-0-1-7 source-map@~0.1.7
454 verbose about to build /usr/local/lib/node_modules/dummy-json/node_modules/handlebars/node_modules/uglify-js
455 verbose on/node_modules/handlebars/node_modules/uglify-js unbuild
456 info preuninstall uglify-js@2.3.6
457 info uninstall uglify-js@2.3.6
458 verbose false,/Users/YellowGlue/Baidu/Luna/client/node_modules,/usr/local/lib/node_modules/dummy-json/node_modules/handlebars/node_modules unbuild uglify-js@2.3.6
459 verbose /usr/local/lib/node_modules/dummy-json/node_modules/handlebars/node_modules/.bin,[object Object] binRoot
460 info postuninstall uglify-js@2.3.6
461 verbose about to build /usr/local/lib/node_modules/dummy-json/node_modules/handlebars
462 verbose on/node_modules/handlebars unbuild
463 info preuninstall handlebars@1.0.12
464 info uninstall handlebars@1.0.12
465 verbose false,/Users/YellowGlue/Baidu/Luna/client/node_modules,/usr/local/lib/node_modules/dummy-json/node_modules unbuild handlebars@1.0.12
466 verbose /usr/local/lib/node_modules/dummy-json/node_modules/.bin,[object Object] binRoot
467 info postuninstall handlebars@1.0.12
468 verbose about to build /usr/local/lib/node_modules/dummy-json
469 verbose on unbuild
470 info preuninstall dummy-json@0.0.2
471 info uninstall dummy-json@0.0.2
472 verbose false,/Users/YellowGlue/Baidu/Luna/client/node_modules,/usr/local/lib/node_modules unbuild dummy-json@0.0.2
473 info postuninstall dummy-json@0.0.2
474 error Error: EACCES, mkdir '/Users/YellowGlue/.npm/source-map/0.1.42'
474 error  { [Error: EACCES, mkdir '/Users/YellowGlue/.npm/source-map/0.1.42']
474 error   errno: 3,
474 error   code: 'EACCES',
474 error   path: '/Users/YellowGlue/.npm/source-map/0.1.42',
474 error   parent: 'uglify-js' }
475 error Please try running this command again as root/Administrator.
476 error System Darwin 14.0.0
477 error command "/usr/local/bin/node" "/usr/local/bin/npm" "link" "dummy-json"
478 error cwd /Users/YellowGlue/Baidu/Luna/client
479 error node -v v0.10.30
480 error npm -v 1.4.21
481 error path /Users/YellowGlue/.npm/source-map/0.1.42
482 error code EACCES
483 error errno 3
484 error stack Error: EACCES, mkdir '/Users/YellowGlue/.npm/source-map/0.1.42'
485 verbose exit [ 3, true ]
